#
# There is insufficient memory for the Java Runtime Environment to continue.
# Native memory allocation (malloc) failed to allocate 187104 bytes for Chunk::new
# Possible reasons:
#   The system is out of physical RAM or swap space
#   The process is running with CompressedOops enabled, and the Java Heap may be blocking the growth of the native heap
# Possible solutions:
#   Reduce memory load on the system
#   Increase physical memory or swap space
#   Check if swap backing store is full
#   Decrease Java heap size (-Xmx/-Xms)
#   Decrease number of Java threads
#   Decrease Java thread stack sizes (-Xss)
#   Set larger code cache with -XX:ReservedCodeCacheSize=
#   JVM is running with Unscaled Compressed Oops mode in which the Java heap is
#     placed in the first 4GB address space. The Java Heap base address is the
#     maximum limit for the native heap growth. Please use -XX:HeapBaseMinAddress
#     to set the Java Heap base and to place the Java Heap above 4GB virtual address.
# This output file may be truncated or incomplete.
#
#  Out of Memory Error (arena.cpp:184), pid=32208, tid=5500
#
# JRE version: Java(TM) SE Runtime Environment (18.0.2+9) (build 18.0.2+9-61)
# Java VM: Java HotSpot(TM) 64-Bit Server VM (18.0.2+9-61, mixed mode, sharing, tiered, compressed oops, compressed class ptrs, g1 gc, windows-amd64)
# No core dump will be written. Minidumps are not enabled by default on client versions of Windows
#

---------------  S U M M A R Y ------------

Command Line: -Dfile.encoding=UTF-8 --module-path=C:\Users\vedang\OneDrive\Documents\NetBeansProjects\RSS Karyalaya Map\build\classes rss.karyalaya.map.Splash

Host: AMD Ryzen 5 3450U with Radeon Vega Mobile Gfx  , 8 cores, 5G,  Windows 11 , 64 bit Build 22621 (10.0.22621.1928)
Time: Fri Aug  4 13:08:05 2023 India Standard Time elapsed time: 16.190090 seconds (0d 0h 0m 16s)

---------------  T H R E A D  ---------------

Current thread (0x00000170a6380a50):  JavaThread "C2 CompilerThread0" daemon [_thread_in_native, id=5500, stack(0x000000490b200000,0x000000490b300000)]


Current CompileTask:
C2:  16190 1574   !   4       sun.awt.AppContext::get (123 bytes)

Stack: [0x000000490b200000,0x000000490b300000]
Native frames: (J=compiled Java code, j=interpreted, Vv=VM code, C=native code)
V  [jvm.dll+0x6993ca]
V  [jvm.dll+0x7f481d]
V  [jvm.dll+0x7f612e]
V  [jvm.dll+0x7f67e3]
V  [jvm.dll+0x25cdaf]
V  [jvm.dll+0xb8c2f]
V  [jvm.dll+0xb8fa5]
V  [jvm.dll+0x3860cb]
V  [jvm.dll+0x34fd01]
V  [jvm.dll+0x34f19a]
V  [jvm.dll+0x22ff51]
V  [jvm.dll+0x22f321]
V  [jvm.dll+0x1ba01c]
V  [jvm.dll+0x23ec9a]
V  [jvm.dll+0x23cf85]
V  [jvm.dll+0x7a6e21]
V  [jvm.dll+0x7a125a]
V  [jvm.dll+0x698275]
C  [ucrtbase.dll+0x29363]
C  [KERNEL32.DLL+0x126ad]
C  [ntdll.dll+0x5aa68]


---------------  P R O C E S S  ---------------

Threads class SMR info:
_java_thread_list=0x00000170af75a820, length=18, elements={
0x00000170a635cc90, 0x00000170a635f550, 0x00000170a6378520, 0x00000170a637ade0,
0x00000170a637b8a0, 0x00000170a637c150, 0x00000170a6380a50, 0x00000170a6389960,
0x00000170a638b250, 0x00000170aa859aa0, 0x00000170aa8d40f0, 0x00000170aaa33330,
0x00000170aaa6a450, 0x00000170aaadb990, 0x00000170af70bf00, 0x00000170af7e7b50,
0x00000170af84bb10, 0x00000170af84ce50
}

Java Threads: ( => current thread )
  0x00000170a635cc90 JavaThread "Reference Handler" daemon [_thread_blocked, id=31960, stack(0x000000490ac00000,0x000000490ad00000)]
  0x00000170a635f550 JavaThread "Finalizer" daemon [_thread_blocked, id=5808, stack(0x000000490ad00000,0x000000490ae00000)]
  0x00000170a6378520 JavaThread "Signal Dispatcher" daemon [_thread_blocked, id=11332, stack(0x000000490ae00000,0x000000490af00000)]
  0x00000170a637ade0 JavaThread "Attach Listener" daemon [_thread_blocked, id=28800, stack(0x000000490af00000,0x000000490b000000)]
  0x00000170a637b8a0 JavaThread "Service Thread" daemon [_thread_blocked, id=7284, stack(0x000000490b000000,0x000000490b100000)]
  0x00000170a637c150 JavaThread "Monitor Deflation Thread" daemon [_thread_blocked, id=4664, stack(0x000000490b100000,0x000000490b200000)]
=>0x00000170a6380a50 JavaThread "C2 CompilerThread0" daemon [_thread_in_native, id=5500, stack(0x000000490b200000,0x000000490b300000)]
  0x00000170a6389960 JavaThread "C1 CompilerThread0" daemon [_thread_blocked, id=11368, stack(0x000000490b300000,0x000000490b400000)]
  0x00000170a638b250 JavaThread "Sweeper thread" daemon [_thread_blocked, id=7292, stack(0x000000490b400000,0x000000490b500000)]
  0x00000170aa859aa0 JavaThread "Common-Cleaner" daemon [_thread_blocked, id=12844, stack(0x000000490b500000,0x000000490b600000)]
  0x00000170aa8d40f0 JavaThread "Notification Thread" daemon [_thread_blocked, id=15860, stack(0x000000490b600000,0x000000490b700000)]
  0x00000170aaa33330 JavaThread "Java2D Disposer" daemon [_thread_blocked, id=9268, stack(0x000000490b900000,0x000000490ba00000)]
  0x00000170aaa6a450 JavaThread "AWT-Shutdown" [_thread_blocked, id=27128, stack(0x000000490ba00000,0x000000490bb00000)]
  0x00000170aaadb990 JavaThread "AWT-Windows" daemon [_thread_in_native, id=16644, stack(0x000000490bb00000,0x000000490bc00000)]
  0x00000170af70bf00 JavaThread "AWT-EventQueue-0" [_thread_blocked, id=32448, stack(0x000000490c400000,0x000000490c500000)]
  0x00000170af7e7b50 JavaThread "D3D Screen Updater" daemon [_thread_blocked, id=32112, stack(0x000000490c500000,0x000000490c600000)]
  0x00000170af84bb10 JavaThread "DestroyJavaVM" [_thread_blocked, id=31860, stack(0x000000490a500000,0x000000490a600000)]
  0x00000170af84ce50 JavaThread "TimerQueue" daemon [_thread_blocked, id=25852, stack(0x000000490d100000,0x000000490d200000)]

Other Threads:
  0x00000170a6357d00 VMThread "VM Thread" [stack: 0x000000490ab00000,0x000000490ac00000] [id=10772]
  0x00000170aa8d49c0 WatcherThread "VM Periodic Task Thread" [stack: 0x000000490b700000,0x000000490b800000] [id=26536]
  0x000001708957dc30 WorkerThread "GC Thread#0" [stack: 0x000000490a600000,0x000000490a700000] [id=5468]
  0x00000170afa61270 WorkerThread "GC Thread#1" [stack: 0x000000490c600000,0x000000490c700000] [id=20748]
  0x00000170af7bfda0 WorkerThread "GC Thread#2" [stack: 0x000000490cb00000,0x000000490cc00000] [id=16988]
  0x00000170af7c0040 WorkerThread "GC Thread#3" [stack: 0x000000490cc00000,0x000000490cd00000] [id=18252]
  0x00000170af7c02e0 WorkerThread "GC Thread#4" [stack: 0x000000490cd00000,0x000000490ce00000] [id=29956]
  0x00000170af7c0580 WorkerThread "GC Thread#5" [stack: 0x000000490ce00000,0x000000490cf00000] [id=31088]
  0x00000170af9528d0 WorkerThread "GC Thread#6" [stack: 0x000000490cf00000,0x000000490d000000] [id=15488]
  0x00000170af952b70 WorkerThread "GC Thread#7" [stack: 0x000000490d000000,0x000000490d100000] [id=32164]
  0x000001708958a7e0 ConcurrentGCThread "G1 Main Marker" [stack: 0x000000490a700000,0x000000490a800000] [id=5340]
  0x000001708958d990 WorkerThread "G1 Conc#0" [stack: 0x000000490a800000,0x000000490a900000] [id=15864]
  0x00000170895d2f00 ConcurrentGCThread "G1 Refine#0" [stack: 0x000000490a900000,0x000000490aa00000] [id=32684]
  0x00000170895d35c0 ConcurrentGCThread "G1 Service" [stack: 0x000000490aa00000,0x000000490ab00000] [id=25856]

Threads with active compile tasks:
C2 CompilerThread0    16265 1574   !   4       sun.awt.AppContext::get (123 bytes)

VM state: not at safepoint (normal execution)

VM Mutex/Monitor currently owned by a thread: None

Heap address: 0x00000000a1c00000, size: 1508 MB, Compressed Oops mode: 32-bit

CDS archive(s) mapped at: [0x0000000800000000-0x0000000800ba0000-0x0000000800ba0000), size 12189696, SharedBaseAddress: 0x0000000800000000, ArchiveRelocationMode: 0.
Compressed class space mapped at: 0x0000000800c00000-0x0000000840c00000, reserved size: 1073741824
Narrow klass base: 0x0000000800000000, Narrow klass shift: 0, Narrow klass range: 0x100000000

GC Precious Log:
 CardTable entry size: 512
 Card Set container configuration: InlinePtr #cards 5 size 8 Array Of Cards #cards 12 size 40 Howl #buckets 4 coarsen threshold 1843 Howl Bitmap #cards 512 size 80 coarsen threshold 460 Card regions per heap region 1 cards per card region 2048
 CPUs: 8 total, 8 available
 Memory: 6030M
 Large Page Support: Disabled
 NUMA Support: Disabled
 Compressed Oops: Enabled (32-bit)
 Heap Region Size: 1M
 Heap Min Capacity: 8M
 Heap Initial Capacity: 96M
 Heap Max Capacity: 1508M
 Pre-touch: Disabled
 Parallel Workers: 8
 Concurrent Workers: 2
 Concurrent Refinement Workers: 8
 Periodic GC: Disabled

Heap:
 garbage-first heap   total 98304K, used 14818K [0x00000000a1c00000, 0x0000000100000000)
  region size 1024K, 5 young (5120K), 3 survivors (3072K)
 Metaspace       used 8610K, committed 8832K, reserved 1114112K
  class space    used 927K, committed 1024K, reserved 1048576K

Heap Regions: E=young(eden), S=young(survivor), O=old, HS=humongous(starts), HC=humongous(continues), CS=collection set, F=free, OA=open archive, CA=closed archive, TAMS=top-at-mark-start (previous, next)
|   0|0x00000000a1c00000, 0x00000000a1d00000, 0x00000000a1d00000|100%|HS|  |TAMS 0x00000000a1c00000, 0x00000000a1c00000| Complete 
|   1|0x00000000a1d00000, 0x00000000a1e00000, 0x00000000a1e00000|100%|HC|  |TAMS 0x00000000a1d00000, 0x00000000a1d00000| Complete 
|   2|0x00000000a1e00000, 0x00000000a1f00000, 0x00000000a1f00000|100%|HC|  |TAMS 0x00000000a1e00000, 0x00000000a1e00000| Complete 
|   3|0x00000000a1f00000, 0x00000000a2000000, 0x00000000a2000000|100%|HC|  |TAMS 0x00000000a1f00000, 0x00000000a1f00000| Complete 
|   4|0x00000000a2000000, 0x00000000a2100000, 0x00000000a2100000|100%|HC|  |TAMS 0x00000000a2000000, 0x00000000a2000000| Complete 
|   5|0x00000000a2100000, 0x00000000a2200000, 0x00000000a2200000|100%|HS|  |TAMS 0x00000000a2100000, 0x00000000a2100000| Complete 
|   6|0x00000000a2200000, 0x00000000a2300000, 0x00000000a2300000|100%|HC|  |TAMS 0x00000000a2200000, 0x00000000a2200000| Complete 
|   7|0x00000000a2300000, 0x00000000a2400000, 0x00000000a2400000|100%|HC|  |TAMS 0x00000000a2300000, 0x00000000a2300000| Complete 
|   8|0x00000000a2400000, 0x00000000a2500000, 0x00000000a2500000|100%|HS|  |TAMS 0x00000000a2400000, 0x00000000a2400000| Complete 
|   9|0x00000000a2500000, 0x00000000a2600000, 0x00000000a2600000|100%|HC|  |TAMS 0x00000000a2500000, 0x00000000a2500000| Complete 
|  10|0x00000000a2600000, 0x00000000a2678800, 0x00000000a2700000| 47%| O|  |TAMS 0x00000000a2600000, 0x00000000a2600000| Untracked 
|  11|0x00000000a2700000, 0x00000000a2700000, 0x00000000a2800000|  0%| F|  |TAMS 0x00000000a2700000, 0x00000000a2700000| Untracked 
|  12|0x00000000a2800000, 0x00000000a2800000, 0x00000000a2900000|  0%| F|  |TAMS 0x00000000a2800000, 0x00000000a2800000| Untracked 
|  13|0x00000000a2900000, 0x00000000a2900000, 0x00000000a2a00000|  0%| F|  |TAMS 0x00000000a2900000, 0x00000000a2900000| Untracked 
|  14|0x00000000a2a00000, 0x00000000a2a00000, 0x00000000a2b00000|  0%| F|  |TAMS 0x00000000a2a00000, 0x00000000a2a00000| Untracked 
|  15|0x00000000a2b00000, 0x00000000a2b00000, 0x00000000a2c00000|  0%| F|  |TAMS 0x00000000a2b00000, 0x00000000a2b00000| Untracked 
|  16|0x00000000a2c00000, 0x00000000a2c00000, 0x00000000a2d00000|  0%| F|  |TAMS 0x00000000a2c00000, 0x00000000a2c00000| Untracked 
|  17|0x00000000a2d00000, 0x00000000a2d00000, 0x00000000a2e00000|  0%| F|  |TAMS 0x00000000a2d00000, 0x00000000a2d00000| Untracked 
|  18|0x00000000a2e00000, 0x00000000a2e00000, 0x00000000a2f00000|  0%| F|  |TAMS 0x00000000a2e00000, 0x00000000a2e00000| Untracked 
|  19|0x00000000a2f00000, 0x00000000a2f00000, 0x00000000a3000000|  0%| F|  |TAMS 0x00000000a2f00000, 0x00000000a2f00000| Untracked 
|  20|0x00000000a3000000, 0x00000000a3000000, 0x00000000a3100000|  0%| F|  |TAMS 0x00000000a3000000, 0x00000000a3000000| Untracked 
|  21|0x00000000a3100000, 0x00000000a3100000, 0x00000000a3200000|  0%| F|  |TAMS 0x00000000a3100000, 0x00000000a3100000| Untracked 
|  22|0x00000000a3200000, 0x00000000a3200000, 0x00000000a3300000|  0%| F|  |TAMS 0x00000000a3200000, 0x00000000a3200000| Untracked 
|  23|0x00000000a3300000, 0x00000000a3300000, 0x00000000a3400000|  0%| F|  |TAMS 0x00000000a3300000, 0x00000000a3300000| Untracked 
|  24|0x00000000a3400000, 0x00000000a3400000, 0x00000000a3500000|  0%| F|  |TAMS 0x00000000a3400000, 0x00000000a3400000| Untracked 
|  25|0x00000000a3500000, 0x00000000a3500000, 0x00000000a3600000|  0%| F|  |TAMS 0x00000000a3500000, 0x00000000a3500000| Untracked 
|  26|0x00000000a3600000, 0x00000000a3600000, 0x00000000a3700000|  0%| F|  |TAMS 0x00000000a3600000, 0x00000000a3600000| Untracked 
|  27|0x00000000a3700000, 0x00000000a3700000, 0x00000000a3800000|  0%| F|  |TAMS 0x00000000a3700000, 0x00000000a3700000| Untracked 
|  28|0x00000000a3800000, 0x00000000a3800000, 0x00000000a3900000|  0%| F|  |TAMS 0x00000000a3800000, 0x00000000a3800000| Untracked 
|  29|0x00000000a3900000, 0x00000000a3900000, 0x00000000a3a00000|  0%| F|  |TAMS 0x00000000a3900000, 0x00000000a3900000| Untracked 
|  30|0x00000000a3a00000, 0x00000000a3a00000, 0x00000000a3b00000|  0%| F|  |TAMS 0x00000000a3a00000, 0x00000000a3a00000| Untracked 
|  31|0x00000000a3b00000, 0x00000000a3b00000, 0x00000000a3c00000|  0%| F|  |TAMS 0x00000000a3b00000, 0x00000000a3b00000| Untracked 
|  32|0x00000000a3c00000, 0x00000000a3c00000, 0x00000000a3d00000|  0%| F|  |TAMS 0x00000000a3c00000, 0x00000000a3c00000| Untracked 
|  33|0x00000000a3d00000, 0x00000000a3d00000, 0x00000000a3e00000|  0%| F|  |TAMS 0x00000000a3d00000, 0x00000000a3d00000| Untracked 
|  34|0x00000000a3e00000, 0x00000000a3e00000, 0x00000000a3f00000|  0%| F|  |TAMS 0x00000000a3e00000, 0x00000000a3e00000| Untracked 
|  35|0x00000000a3f00000, 0x00000000a3f00000, 0x00000000a4000000|  0%| F|  |TAMS 0x00000000a3f00000, 0x00000000a3f00000| Untracked 
|  36|0x00000000a4000000, 0x00000000a4000000, 0x00000000a4100000|  0%| F|  |TAMS 0x00000000a4000000, 0x00000000a4000000| Untracked 
|  37|0x00000000a4100000, 0x00000000a4100000, 0x00000000a4200000|  0%| F|  |TAMS 0x00000000a4100000, 0x00000000a4100000| Untracked 
|  38|0x00000000a4200000, 0x00000000a4200000, 0x00000000a4300000|  0%| F|  |TAMS 0x00000000a4200000, 0x00000000a4200000| Untracked 
|  39|0x00000000a4300000, 0x00000000a4300000, 0x00000000a4400000|  0%| F|  |TAMS 0x00000000a4300000, 0x00000000a4300000| Untracked 
|  40|0x00000000a4400000, 0x00000000a4400000, 0x00000000a4500000|  0%| F|  |TAMS 0x00000000a4400000, 0x00000000a4400000| Untracked 
|  41|0x00000000a4500000, 0x00000000a4500000, 0x00000000a4600000|  0%| F|  |TAMS 0x00000000a4500000, 0x00000000a4500000| Untracked 
|  42|0x00000000a4600000, 0x00000000a4600000, 0x00000000a4700000|  0%| F|  |TAMS 0x00000000a4600000, 0x00000000a4600000| Untracked 
|  43|0x00000000a4700000, 0x00000000a4700000, 0x00000000a4800000|  0%| F|  |TAMS 0x00000000a4700000, 0x00000000a4700000| Untracked 
|  44|0x00000000a4800000, 0x00000000a4800000, 0x00000000a4900000|  0%| F|  |TAMS 0x00000000a4800000, 0x00000000a4800000| Untracked 
|  45|0x00000000a4900000, 0x00000000a4900000, 0x00000000a4a00000|  0%| F|  |TAMS 0x00000000a4900000, 0x00000000a4900000| Untracked 
|  46|0x00000000a4a00000, 0x00000000a4a00000, 0x00000000a4b00000|  0%| F|  |TAMS 0x00000000a4a00000, 0x00000000a4a00000| Untracked 
|  47|0x00000000a4b00000, 0x00000000a4b00000, 0x00000000a4c00000|  0%| F|  |TAMS 0x00000000a4b00000, 0x00000000a4b00000| Untracked 
|  48|0x00000000a4c00000, 0x00000000a4c00000, 0x00000000a4d00000|  0%| F|  |TAMS 0x00000000a4c00000, 0x00000000a4c00000| Untracked 
|  49|0x00000000a4d00000, 0x00000000a4d00000, 0x00000000a4e00000|  0%| F|  |TAMS 0x00000000a4d00000, 0x00000000a4d00000| Untracked 
|  50|0x00000000a4e00000, 0x00000000a4e00000, 0x00000000a4f00000|  0%| F|  |TAMS 0x00000000a4e00000, 0x00000000a4e00000| Untracked 
|  51|0x00000000a4f00000, 0x00000000a4f00000, 0x00000000a5000000|  0%| F|  |TAMS 0x00000000a4f00000, 0x00000000a4f00000| Untracked 
|  52|0x00000000a5000000, 0x00000000a5000000, 0x00000000a5100000|  0%| F|  |TAMS 0x00000000a5000000, 0x00000000a5000000| Untracked 
|  53|0x00000000a5100000, 0x00000000a5100000, 0x00000000a5200000|  0%| F|  |TAMS 0x00000000a5100000, 0x00000000a5100000| Untracked 
|  54|0x00000000a5200000, 0x00000000a5200000, 0x00000000a5300000|  0%| F|  |TAMS 0x00000000a5200000, 0x00000000a5200000| Untracked 
|  55|0x00000000a5300000, 0x00000000a5300000, 0x00000000a5400000|  0%| F|  |TAMS 0x00000000a5300000, 0x00000000a5300000| Untracked 
|  56|0x00000000a5400000, 0x00000000a5400000, 0x00000000a5500000|  0%| F|  |TAMS 0x00000000a5400000, 0x00000000a5400000| Untracked 
|  57|0x00000000a5500000, 0x00000000a5500000, 0x00000000a5600000|  0%| F|  |TAMS 0x00000000a5500000, 0x00000000a5500000| Untracked 
|  58|0x00000000a5600000, 0x00000000a5600000, 0x00000000a5700000|  0%| F|  |TAMS 0x00000000a5600000, 0x00000000a5600000| Untracked 
|  59|0x00000000a5700000, 0x00000000a5700000, 0x00000000a5800000|  0%| F|  |TAMS 0x00000000a5700000, 0x00000000a5700000| Untracked 
|  60|0x00000000a5800000, 0x00000000a5800000, 0x00000000a5900000|  0%| F|  |TAMS 0x00000000a5800000, 0x00000000a5800000| Untracked 
|  61|0x00000000a5900000, 0x00000000a5900000, 0x00000000a5a00000|  0%| F|  |TAMS 0x00000000a5900000, 0x00000000a5900000| Untracked 
|  62|0x00000000a5a00000, 0x00000000a5a00000, 0x00000000a5b00000|  0%| F|  |TAMS 0x00000000a5a00000, 0x00000000a5a00000| Untracked 
|  63|0x00000000a5b00000, 0x00000000a5b00000, 0x00000000a5c00000|  0%| F|  |TAMS 0x00000000a5b00000, 0x00000000a5b00000| Untracked 
|  64|0x00000000a5c00000, 0x00000000a5c00000, 0x00000000a5d00000|  0%| F|  |TAMS 0x00000000a5c00000, 0x00000000a5c00000| Untracked 
|  65|0x00000000a5d00000, 0x00000000a5d00000, 0x00000000a5e00000|  0%| F|  |TAMS 0x00000000a5d00000, 0x00000000a5d00000| Untracked 
|  66|0x00000000a5e00000, 0x00000000a5e00000, 0x00000000a5f00000|  0%| F|  |TAMS 0x00000000a5e00000, 0x00000000a5e00000| Untracked 
|  67|0x00000000a5f00000, 0x00000000a5f00000, 0x00000000a6000000|  0%| F|  |TAMS 0x00000000a5f00000, 0x00000000a5f00000| Untracked 
|  68|0x00000000a6000000, 0x00000000a6000000, 0x00000000a6100000|  0%| F|  |TAMS 0x00000000a6000000, 0x00000000a6000000| Untracked 
|  69|0x00000000a6100000, 0x00000000a6100000, 0x00000000a6200000|  0%| F|  |TAMS 0x00000000a6100000, 0x00000000a6100000| Untracked 
|  70|0x00000000a6200000, 0x00000000a6300000, 0x00000000a6300000|100%| S|CS|TAMS 0x00000000a6200000, 0x00000000a6200000| Complete 
|  71|0x00000000a6300000, 0x00000000a6400000, 0x00000000a6400000|100%| S|CS|TAMS 0x00000000a6300000, 0x00000000a6300000| Complete 
|  72|0x00000000a6400000, 0x00000000a6500000, 0x00000000a6500000|100%| S|CS|TAMS 0x00000000a6400000, 0x00000000a6400000| Complete 
|  73|0x00000000a6500000, 0x00000000a6500000, 0x00000000a6600000|  0%| F|  |TAMS 0x00000000a6500000, 0x00000000a6500000| Untracked 
|  74|0x00000000a6600000, 0x00000000a6600000, 0x00000000a6700000|  0%| F|  |TAMS 0x00000000a6600000, 0x00000000a6600000| Untracked 
|  75|0x00000000a6700000, 0x00000000a6700000, 0x00000000a6800000|  0%| F|  |TAMS 0x00000000a6700000, 0x00000000a6700000| Untracked 
|  76|0x00000000a6800000, 0x00000000a6800000, 0x00000000a6900000|  0%| F|  |TAMS 0x00000000a6800000, 0x00000000a6800000| Untracked 
|  77|0x00000000a6900000, 0x00000000a6900000, 0x00000000a6a00000|  0%| F|  |TAMS 0x00000000a6900000, 0x00000000a6900000| Untracked 
|  78|0x00000000a6a00000, 0x00000000a6a00000, 0x00000000a6b00000|  0%| F|  |TAMS 0x00000000a6a00000, 0x00000000a6a00000| Untracked 
|  79|0x00000000a6b00000, 0x00000000a6b00000, 0x00000000a6c00000|  0%| F|  |TAMS 0x00000000a6b00000, 0x00000000a6b00000| Untracked 
|  80|0x00000000a6c00000, 0x00000000a6c00000, 0x00000000a6d00000|  0%| F|  |TAMS 0x00000000a6c00000, 0x00000000a6c00000| Untracked 
|  81|0x00000000a6d00000, 0x00000000a6d00000, 0x00000000a6e00000|  0%| F|  |TAMS 0x00000000a6d00000, 0x00000000a6d00000| Untracked 
|  82|0x00000000a6e00000, 0x00000000a6e00000, 0x00000000a6f00000|  0%| F|  |TAMS 0x00000000a6e00000, 0x00000000a6e00000| Untracked 
|  83|0x00000000a6f00000, 0x00000000a6f00000, 0x00000000a7000000|  0%| F|  |TAMS 0x00000000a6f00000, 0x00000000a6f00000| Untracked 
|  84|0x00000000a7000000, 0x00000000a7000000, 0x00000000a7100000|  0%| F|  |TAMS 0x00000000a7000000, 0x00000000a7000000| Untracked 
|  85|0x00000000a7100000, 0x00000000a7100000, 0x00000000a7200000|  0%| F|  |TAMS 0x00000000a7100000, 0x00000000a7100000| Untracked 
|  86|0x00000000a7200000, 0x00000000a7200000, 0x00000000a7300000|  0%| F|  |TAMS 0x00000000a7200000, 0x00000000a7200000| Untracked 
|  87|0x00000000a7300000, 0x00000000a7300000, 0x00000000a7400000|  0%| F|  |TAMS 0x00000000a7300000, 0x00000000a7300000| Untracked 
|  88|0x00000000a7400000, 0x00000000a7400000, 0x00000000a7500000|  0%| F|  |TAMS 0x00000000a7400000, 0x00000000a7400000| Untracked 
|  89|0x00000000a7500000, 0x00000000a7500000, 0x00000000a7600000|  0%| F|  |TAMS 0x00000000a7500000, 0x00000000a7500000| Untracked 
|  90|0x00000000a7600000, 0x00000000a7600000, 0x00000000a7700000|  0%| F|  |TAMS 0x00000000a7600000, 0x00000000a7600000| Untracked 
|  91|0x00000000a7700000, 0x00000000a7700000, 0x00000000a7800000|  0%| F|  |TAMS 0x00000000a7700000, 0x00000000a7700000| Untracked 
|  92|0x00000000a7800000, 0x00000000a7800000, 0x00000000a7900000|  0%| F|  |TAMS 0x00000000a7800000, 0x00000000a7800000| Untracked 
|  93|0x00000000a7900000, 0x00000000a7900000, 0x00000000a7a00000|  0%| F|  |TAMS 0x00000000a7900000, 0x00000000a7900000| Untracked 
|  94|0x00000000a7a00000, 0x00000000a7b00000, 0x00000000a7b00000|100%| E|  |TAMS 0x00000000a7a00000, 0x00000000a7a00000| Complete 
|  95|0x00000000a7b00000, 0x00000000a7c00000, 0x00000000a7c00000|100%| E|CS|TAMS 0x00000000a7b00000, 0x00000000a7b00000| Complete 

Card table byte_map: [0x00000170a0490000,0x00000170a0790000] _byte_map_base: 0x000001709ff82000

Marking Bits (Prev, Next): (CMBitMap*) 0x000001708957e230, (CMBitMap*) 0x000001708957e270
 Prev Bits: [0x00000170a0a90000, 0x00000170a2220000)
 Next Bits: [0x00000170a2220000, 0x00000170a39b0000)

Polling page: 0x0000017087470000

Metaspace:

Usage:
  Non-class:      7.50 MB used.
      Class:    927.87 KB used.
       Both:      8.41 MB used.

Virtual space:
  Non-class space:       64.00 MB reserved,       7.62 MB ( 12%) committed,  1 nodes.
      Class space:        1.00 GB reserved,       1.00 MB ( <1%) committed,  1 nodes.
             Both:        1.06 GB reserved,       8.62 MB ( <1%) committed. 

Chunk freelists:
   Non-Class:  248.00 KB
       Class:  3.04 MB
        Both:  3.29 MB

MaxMetaspaceSize: unlimited
CompressedClassSpaceSize: 1.00 GB
Initial GC threshold: 21.00 MB
Current GC threshold: 21.00 MB
CDS: on
MetaspaceReclaimPolicy: balanced
 - commit_granule_bytes: 65536.
 - commit_granule_words: 8192.
 - virtual_space_node_default_size: 8388608.
 - enlarge_chunks_in_place: 1.
 - new_chunks_are_fully_committed: 0.
 - uncommit_free_chunks: 1.
 - use_allocation_guard: 0.


Internal statistics:

num_allocs_failed_limit: 0.
num_arena_births: 126.
num_arena_deaths: 0.
num_vsnodes_births: 2.
num_vsnodes_deaths: 0.
num_space_committed: 138.
num_space_uncommitted: 0.
num_chunks_returned_to_freelist: 0.
num_chunks_taken_from_freelist: 187.
num_chunk_merges: 0.
num_chunk_splits: 96.
num_chunks_enlarged: 23.
num_inconsistent_stats: 0.

CodeHeap 'non-profiled nmethods': size=120000Kb used=408Kb max_used=408Kb free=119591Kb
 bounds [0x0000017098930000, 0x0000017098ba0000, 0x000001709fe60000]
CodeHeap 'profiled nmethods': size=120000Kb used=2650Kb max_used=2650Kb free=117349Kb
 bounds [0x0000017091400000, 0x00000170916a0000, 0x0000017098930000]
CodeHeap 'non-nmethods': size=5760Kb used=1304Kb max_used=1318Kb free=4455Kb
 bounds [0x0000017090e60000, 0x00000170910d0000, 0x0000017091400000]
 total_blobs=2200 nmethods=1576 adapters=536
 compilation: enabled
              stopped_count=0, restarted_count=0
 full_count=0

Compilation events (20 events):
Event: 14.146 Thread 0x00000170a6389960 nmethod 1567 0x0000017091692210 code [0x00000170916923c0, 0x0000017091692618]
Event: 14.655 Thread 0x00000170a6380a50 1568       4       sun.java2d.pipe.RenderBuffer::putInt (26 bytes)
Event: 14.656 Thread 0x00000170a6380a50 nmethod 1568 0x0000017098995a10 code [0x0000017098995b80, 0x0000017098995c38]
Event: 15.155 Thread 0x00000170a6389960 1569       3       java.util.ArrayList::remove (26 bytes)
Event: 15.156 Thread 0x00000170a6389960 nmethod 1569 0x0000017091692690 code [0x0000017091692840, 0x0000017091692a68]
Event: 15.156 Thread 0x00000170a6380a50 1571       4       java.util.Objects::checkIndex (7 bytes)
Event: 15.156 Thread 0x00000170a6389960 1570       3       sun.font.SunFontManager::getInstance (9 bytes)
Event: 15.156 Thread 0x00000170a6389960 nmethod 1570 0x0000017091692c10 code [0x0000017091692dc0, 0x0000017091692fc8]
Event: 15.157 Thread 0x00000170a6380a50 nmethod 1571 0x0000017098995d10 code [0x0000017098995e80, 0x0000017098995f18]
Event: 15.667 Thread 0x00000170a6389960 1572       1       sun.java2d.d3d.D3DVolatileSurfaceManager::isAccelerationEnabled (5 bytes)
Event: 15.667 Thread 0x00000170a6389960 nmethod 1572 0x0000017098996010 code [0x00000170989961a0, 0x0000017098996278]
Event: 15.667 Thread 0x00000170a6389960 1573       3       java.awt.Font::equals (131 bytes)
Event: 15.668 Thread 0x00000170a6389960 nmethod 1573 0x0000017091693090 code [0x00000170916932c0, 0x0000017091693a48]
Event: 16.170 Thread 0x00000170a6380a50 1574   !   4       sun.awt.AppContext::get (123 bytes)
Event: 16.170 Thread 0x00000170a6389960 1575       3       sun.java2d.pipe.BufferedContext::setClip (299 bytes)
Event: 16.173 Thread 0x00000170a6389960 nmethod 1575 0x0000017091693c10 code [0x0000017091693fe0, 0x00000170916952e8]
Event: 16.173 Thread 0x00000170a6389960 1576       3       sun.font.FontDesignMetrics$MetricsKey::init (24 bytes)
Event: 16.174 Thread 0x00000170a6389960 nmethod 1576 0x0000017091695d90 code [0x0000017091695f40, 0x0000017091696238]
Event: 16.174 Thread 0x00000170a6389960 1577       3       java.awt.Font::hashCode (76 bytes)
Event: 16.174 Thread 0x00000170a6389960 nmethod 1577 0x0000017091696390 code [0x0000017091696560, 0x0000017091696838]

GC Heap History (2 events):
Event: 6.928 GC heap before
{Heap before GC invocations=0 (full 0):
 garbage-first heap   total 98304K, used 33792K [0x00000000a1c00000, 0x0000000100000000)
  region size 1024K, 23 young (23552K), 0 survivors (0K)
 Metaspace       used 8463K, committed 8704K, reserved 1114112K
  class space    used 913K, committed 1024K, reserved 1048576K
}
Event: 6.938 GC heap after
{Heap after GC invocations=1 (full 0):
 garbage-first heap   total 98304K, used 13794K [0x00000000a1c00000, 0x0000000100000000)
  region size 1024K, 3 young (3072K), 3 survivors (3072K)
 Metaspace       used 8463K, committed 8704K, reserved 1114112K
  class space    used 913K, committed 1024K, reserved 1048576K
}

Deoptimization events (20 events):
Event: 6.205 Thread 0x00000170af7765d0 Uncommon trap: trap_request=0xffffffde fr.pc=0x0000017098978df8 relative=0x00000000000002b8
Event: 6.205 Thread 0x00000170af7765d0 Uncommon trap: reason=class_check action=maybe_recompile pc=0x0000017098978df8 method=java.util.HashMap.getNode(Ljava/lang/Object;)Ljava/util/HashMap$Node; @ 128 c2
Event: 6.205 Thread 0x00000170af7765d0 DEOPT PACKING pc=0x0000017098978df8 sp=0x000000490c6fed40
Event: 6.205 Thread 0x00000170af7765d0 DEOPT UNPACKING pc=0x0000017090eb23a3 sp=0x000000490c6fec48 mode 2
Event: 6.205 Thread 0x00000170af7765d0 Uncommon trap: trap_request=0xffffffde fr.pc=0x000001709896f2fc relative=0x00000000000002bc
Event: 6.205 Thread 0x00000170af7765d0 Uncommon trap: reason=class_check action=maybe_recompile pc=0x000001709896f2fc method=java.util.HashMap.getNode(Ljava/lang/Object;)Ljava/util/HashMap$Node; @ 128 c2
Event: 6.205 Thread 0x00000170af7765d0 DEOPT PACKING pc=0x000001709896f2fc sp=0x000000490c6feef0
Event: 6.205 Thread 0x00000170af7765d0 DEOPT UNPACKING pc=0x0000017090eb23a3 sp=0x000000490c6fee68 mode 2
Event: 6.820 Thread 0x00000170af70bf00 Uncommon trap: trap_request=0xffffff45 fr.pc=0x000001709893a8b4 relative=0x0000000000000094
Event: 6.820 Thread 0x00000170af70bf00 Uncommon trap: reason=unstable_if action=reinterpret pc=0x000001709893a8b4 method=java.lang.String.isLatin1()Z @ 10 c2
Event: 6.820 Thread 0x00000170af70bf00 DEOPT PACKING pc=0x000001709893a8b4 sp=0x000000490c4fce10
Event: 6.820 Thread 0x00000170af70bf00 DEOPT UNPACKING pc=0x0000017090eb23a3 sp=0x000000490c4fcd40 mode 2
Event: 6.947 Thread 0x00000170af70bf00 Uncommon trap: trap_request=0xffffff45 fr.pc=0x0000017098990530 relative=0x00000000000003f0
Event: 6.947 Thread 0x00000170af70bf00 Uncommon trap: reason=unstable_if action=reinterpret pc=0x0000017098990530 method=java.lang.Character.isSurrogate(C)Z @ 3 c2
Event: 6.947 Thread 0x00000170af70bf00 DEOPT PACKING pc=0x0000017098990530 sp=0x000000490c4fcaf0
Event: 6.947 Thread 0x00000170af70bf00 DEOPT UNPACKING pc=0x0000017090eb23a3 sp=0x000000490c4fca08 mode 2
Event: 6.979 Thread 0x00000170af70bf00 Uncommon trap: trap_request=0xffffff45 fr.pc=0x000001709898820c relative=0x00000000000004cc
Event: 6.979 Thread 0x00000170af70bf00 Uncommon trap: reason=unstable_if action=reinterpret pc=0x000001709898820c method=java.lang.StringLatin1.toLowerCase(Ljava/lang/String;[BLjava/util/Locale;)Ljava/lang/String; @ 43 c2
Event: 6.979 Thread 0x00000170af70bf00 DEOPT PACKING pc=0x000001709898820c sp=0x000000490c4fcfd0
Event: 6.979 Thread 0x00000170af70bf00 DEOPT UNPACKING pc=0x0000017090eb23a3 sp=0x000000490c4fcf40 mode 2

Classes loaded (20 events):
Event: 7.032 Loading class javax/swing/text/JTextComponent$InputMethodRequestsHandler
Event: 7.033 Loading class javax/swing/text/JTextComponent$InputMethodRequestsHandler done
Event: 7.037 Loading class java/awt/event/ContainerEvent
Event: 7.037 Loading class java/awt/event/ContainerEvent done
Event: 7.038 Loading class javax/swing/TimerQueue
Event: 7.039 Loading class javax/swing/TimerQueue done
Event: 7.039 Loading class java/util/concurrent/DelayQueue
Event: 7.040 Loading class java/util/concurrent/BlockingQueue
Event: 7.040 Loading class java/util/concurrent/BlockingQueue done
Event: 7.040 Loading class java/util/concurrent/DelayQueue done
Event: 7.041 Loading class java/util/PriorityQueue
Event: 7.042 Loading class java/util/PriorityQueue done
Event: 7.044 Loading class javax/swing/TimerQueue$DelayedTimer
Event: 7.044 Loading class java/util/concurrent/Delayed
Event: 7.045 Loading class java/util/concurrent/Delayed done
Event: 7.045 Loading class javax/swing/TimerQueue$DelayedTimer done
Event: 7.045 Loading class java/util/concurrent/TimeUnit$1
Event: 7.046 Loading class java/util/concurrent/TimeUnit$1 done
Event: 7.558 Loading class javax/swing/Timer$1
Event: 7.558 Loading class javax/swing/Timer$1 done

Classes unloaded (0 events):
No events

Classes redefined (0 events):
No events

Internal exceptions (18 events):
Event: 0.156 Thread 0x000001708952a7f0 Exception <a 'sun/nio/fs/WindowsException'{0x00000000a7a35a88}> (0x00000000a7a35a88) 
thrown [s\open\src\hotspot\share\prims\jni.cpp, line 516]
Event: 0.157 Thread 0x000001708952a7f0 Exception <a 'sun/nio/fs/WindowsException'{0x00000000a7a36018}> (0x00000000a7a36018) 
thrown [s\open\src\hotspot\share\prims\jni.cpp, line 516]
Event: 0.161 Thread 0x000001708952a7f0 Exception <a 'sun/nio/fs/WindowsException'{0x00000000a7a38510}> (0x00000000a7a38510) 
thrown [s\open\src\hotspot\share\prims\jni.cpp, line 516]
Event: 0.162 Thread 0x000001708952a7f0 Exception <a 'sun/nio/fs/WindowsException'{0x00000000a7a39040}> (0x00000000a7a39040) 
thrown [s\open\src\hotspot\share\prims\jni.cpp, line 516]
Event: 0.232 Thread 0x000001708952a7f0 Exception <a 'java/lang/ClassNotFoundException'{0x00000000a7af74e8}: sun/awt/resources/spi/awtProvider> (0x00000000a7af74e8) 
thrown [s\open\src\hotspot\share\classfile\systemDictionary.cpp, line 255]
Event: 0.310 Thread 0x000001708952a7f0 Exception <a 'java/io/FileNotFoundException'{0x00000000a794beb0}> (0x00000000a794beb0) 
thrown [s\open\src\hotspot\share\prims\jni.cpp, line 516]
Event: 0.324 Thread 0x000001708952a7f0 Exception <a 'java/io/FileNotFoundException'{0x00000000a7979360}> (0x00000000a7979360) 
thrown [s\open\src\hotspot\share\prims\jni.cpp, line 516]
Event: 0.393 Thread 0x000001708952a7f0 Exception <a 'java/lang/NoSuchMethodError'{0x00000000a79bd900}: 'java.lang.Object java.lang.invoke.DirectMethodHandle$Holder.invokeStaticInit(java.lang.Object)'> (0x00000000a79bd900) 
thrown [s\open\src\hotspot\share\interpreter\linkResolver.cpp, line 759]
Event: 0.572 Thread 0x000001708952a7f0 Exception <a 'java/lang/NoSuchMethodError'{0x00000000a78907a0}: 'void java.lang.invoke.DirectMethodHandle$Holder.invokeSpecial(java.lang.Object, java.lang.Object, java.lang.Object)'> (0x00000000a78907a0) 
thrown [s\open\src\hotspot\share\interpreter\linkResolver.cpp, line 759]
Event: 0.589 Thread 0x000001708952a7f0 Exception <a 'java/lang/NoSuchMethodError'{0x00000000a78bb890}: 'java.lang.Object java.lang.invoke.DirectMethodHandle$Holder.newInvokeSpecial(java.lang.Object, java.lang.Object, java.lang.Object, java.lang.Object, java.lang.Object)'> (0x00000000a78bb890) 
thrown [s\open\src\hotspot\share\interpreter\linkResolver.cpp, line 759]
Event: 0.602 Thread 0x000001708952a7f0 Exception <a 'java/lang/NoSuchMethodError'{0x00000000a78ed600}: 'java.lang.Object java.lang.invoke.DirectMethodHandle$Holder.invokeStatic(java.lang.Object, int, java.lang.Object)'> (0x00000000a78ed600) 
thrown [s\open\src\hotspot\share\interpreter\linkResolver.cpp, line 759]
Event: 0.651 Thread 0x000001708952a7f0 Exception <a 'java/lang/ClassNotFoundException'{0x00000000a77aa880}: com/sun/swing/internal/plaf/metal/resources/spi/metalProvider> (0x00000000a77aa880) 
thrown [s\open\src\hotspot\share\classfile\systemDictionary.cpp, line 255]
Event: 0.653 Thread 0x000001708952a7f0 Exception <a 'java/lang/ClassNotFoundException'{0x00000000a77ae8b8}: com/sun/swing/internal/plaf/basic/resources/spi/basicProvider> (0x00000000a77ae8b8) 
thrown [s\open\src\hotspot\share\classfile\systemDictionary.cpp, line 255]
Event: 0.672 Thread 0x000001708952a7f0 Exception <a 'java/lang/NoSuchMethodError'{0x00000000a77cecb0}: 'int java.lang.invoke.Invokers$Holder.invokeExact_MT(java.lang.Object, java.lang.Object)'> (0x00000000a77cecb0) 
thrown [s\open\src\hotspot\share\interpreter\linkResolver.cpp, line 759]
Event: 0.796 Thread 0x00000170af6ce7c0 Exception <a 'java/lang/NoSuchMethodError'{0x00000000a7567558}: 'java.lang.Object java.lang.invoke.DirectMethodHandle$Holder.newInvokeSpecial(java.lang.Object, java.lang.Object, java.lang.Object, int, int, int, int, int)'> (0x00000000a7567558) 
thrown [s\open\src\hotspot\share\interpreter\linkResolver.cpp, line 759]
Event: 0.909 Thread 0x00000170aaadb990 Exception <a 'java/lang/NoSuchMethodError'{0x00000000a780fa30}: 'void java.lang.invoke.DirectMethodHandle$Holder.invokeVirtual(java.lang.Object, java.lang.Object)'> (0x00000000a780fa30) 
thrown [s\open\src\hotspot\share\interpreter\linkResolver.cpp, line 759]
Event: 0.956 Thread 0x000001708952a7f0 Exception <a 'java/lang/NoSuchMethodError'{0x00000000a6dfeea0}: 'void java.lang.invoke.DirectMethodHandle$Holder.invokeStaticInit(java.lang.Object)'> (0x00000000a6dfeea0) 
thrown [s\open\src\hotspot\share\interpreter\linkResolver.cpp, line 759]
Event: 6.133 Thread 0x00000170af84b640 Implicit null exception at 0x0000017098961a8d to 0x0000017098962210

VM Operations (20 events):
Event: 1.194 Executing VM operation: Cleanup
Event: 1.194 Executing VM operation: Cleanup done
Event: 2.194 Executing VM operation: Cleanup
Event: 2.194 Executing VM operation: Cleanup done
Event: 3.195 Executing VM operation: Cleanup
Event: 3.195 Executing VM operation: Cleanup done
Event: 4.195 Executing VM operation: Cleanup
Event: 4.195 Executing VM operation: Cleanup done
Event: 6.148 Executing VM operation: HandshakeAllThreads
Event: 6.148 Executing VM operation: HandshakeAllThreads done
Event: 6.148 Executing VM operation: Cleanup
Event: 6.148 Executing VM operation: Cleanup done
Event: 6.167 Executing VM operation: HandshakeAllThreads
Event: 6.167 Executing VM operation: HandshakeAllThreads done
Event: 6.928 Executing VM operation: G1CollectForAllocation
Event: 6.938 Executing VM operation: G1CollectForAllocation done
Event: 7.944 Executing VM operation: Cleanup
Event: 7.949 Executing VM operation: Cleanup done
Event: 8.964 Executing VM operation: Cleanup
Event: 8.964 Executing VM operation: Cleanup done

Events (20 events):
Event: 0.399 Thread 0x00000170aaadb990 Thread added: 0x00000170aaadb990
Event: 0.530 Thread 0x00000170aa8f7a10 Thread exited: 0x00000170aa8f7a10
Event: 0.687 Thread 0x00000170af6ce7c0 Thread added: 0x00000170af6ce7c0
Event: 0.793 Loaded shared library C:\Program Files\Java\jdk-18.0.2\bin\javajpeg.dll
Event: 0.913 Thread 0x00000170af70bf00 Thread added: 0x00000170af70bf00
Event: 0.969 Loaded shared library C:\Program Files\Java\jdk-18.0.2\bin\freetype.dll
Event: 0.972 Loaded shared library C:\Program Files\Java\jdk-18.0.2\bin\fontmanager.dll
Event: 1.005 Thread 0x00000170af72f1a0 Thread added: 0x00000170af72f1a0
Event: 1.082 Thread 0x00000170af7765d0 Thread added: 0x00000170af7765d0
Event: 1.117 Thread 0x00000170af72f1a0 Thread exited: 0x00000170af72f1a0
Event: 1.413 Thread 0x00000170af7e7b50 Thread added: 0x00000170af7e7b50
Event: 3.626 Thread 0x000001708952a7f0 Thread exited: 0x000001708952a7f0
Event: 3.627 Thread 0x00000170af84bb10 Thread added: 0x00000170af84bb10
Event: 5.902 Thread 0x00000170af6ce7c0 Thread exited: 0x00000170af6ce7c0
Event: 6.097 Thread 0x00000170af84b640 Thread added: 0x00000170af84b640
Event: 6.129 Thread 0x00000170af84aca0 Thread added: 0x00000170af84aca0
Event: 6.306 Thread 0x00000170af7765d0 Thread exited: 0x00000170af7765d0
Event: 7.044 Thread 0x00000170af84ce50 Thread added: 0x00000170af84ce50
Event: 11.142 Thread 0x00000170af84aca0 Thread exited: 0x00000170af84aca0
Event: 11.142 Thread 0x00000170af84b640 Thread exited: 0x00000170af84b640


Dynamic libraries:
0x00007ff606150000 - 0x00007ff606160000 	C:\Program Files\Java\jdk-18.0.2\bin\java.exe
0x00007ff9c0a50000 - 0x00007ff9c0c64000 	C:\WINDOWS\SYSTEM32\ntdll.dll
0x00007ff9bfc20000 - 0x00007ff9bfce2000 	C:\WINDOWS\System32\KERNEL32.DLL
0x00007ff9be310000 - 0x00007ff9be6b3000 	C:\WINDOWS\System32\KERNELBASE.dll
0x00007ff9be0d0000 - 0x00007ff9be1e1000 	C:\WINDOWS\System32\ucrtbase.dll
0x00007ff9af520000 - 0x00007ff9af53a000 	C:\Program Files\Java\jdk-18.0.2\bin\VCRUNTIME140.dll
0x00007ff9aee40000 - 0x00007ff9aee58000 	C:\Program Files\Java\jdk-18.0.2\bin\jli.dll
0x00007ff9bedc0000 - 0x00007ff9bee6e000 	C:\WINDOWS\System32\ADVAPI32.dll
0x00007ff9bfda0000 - 0x00007ff9bfe47000 	C:\WINDOWS\System32\msvcrt.dll
0x00007ff9c03a0000 - 0x00007ff9c0444000 	C:\WINDOWS\System32\sechost.dll
0x00007ff9c0120000 - 0x00007ff9c0237000 	C:\WINDOWS\System32\RPCRT4.dll
0x00007ff9c06a0000 - 0x00007ff9c084a000 	C:\WINDOWS\System32\USER32.dll
0x00007ff9bde50000 - 0x00007ff9bde76000 	C:\WINDOWS\System32\win32u.dll
0x00007ff9bfe50000 - 0x00007ff9bfe79000 	C:\WINDOWS\System32\GDI32.dll
0x00007ff99d4e0000 - 0x00007ff99d76e000 	C:\WINDOWS\WinSxS\amd64_microsoft.windows.common-controls_6595b64144ccf1df_6.0.22621.1635_none_270f70857386168e\COMCTL32.dll
0x00007ff9be1f0000 - 0x00007ff9be309000 	C:\WINDOWS\System32\gdi32full.dll
0x00007ff9bdf40000 - 0x00007ff9bdfda000 	C:\WINDOWS\System32\msvcp_win.dll
0x00007ff9b6b10000 - 0x00007ff9b6b1a000 	C:\WINDOWS\SYSTEM32\VERSION.dll
0x00007ff9c0260000 - 0x00007ff9c0291000 	C:\WINDOWS\System32\IMM32.DLL
0x00007ff9afeb0000 - 0x00007ff9afebc000 	C:\Program Files\Java\jdk-18.0.2\bin\vcruntime140_1.dll
0x00007ff9a9090000 - 0x00007ff9a911d000 	C:\Program Files\Java\jdk-18.0.2\bin\msvcp140.dll
0x00007ff96f220000 - 0x00007ff96fe31000 	C:\Program Files\Java\jdk-18.0.2\bin\server\jvm.dll
0x00007ff9c0080000 - 0x00007ff9c0088000 	C:\WINDOWS\System32\PSAPI.DLL
0x00007ff998cb0000 - 0x00007ff998cb9000 	C:\WINDOWS\SYSTEM32\WSOCK32.dll
0x00007ff9b6b80000 - 0x00007ff9b6bb4000 	C:\WINDOWS\SYSTEM32\WINMM.dll
0x00007ff9c02a0000 - 0x00007ff9c0311000 	C:\WINDOWS\System32\WS2_32.dll
0x00007ff9bce90000 - 0x00007ff9bcea8000 	C:\WINDOWS\SYSTEM32\kernel.appcore.dll
0x00007ff9af370000 - 0x00007ff9af37a000 	C:\Program Files\Java\jdk-18.0.2\bin\jimage.dll
0x00007ff9b4ec0000 - 0x00007ff9b50ee000 	C:\WINDOWS\SYSTEM32\DBGHELP.DLL
0x00007ff9be830000 - 0x00007ff9bebb9000 	C:\WINDOWS\System32\combase.dll
0x00007ff9c05c0000 - 0x00007ff9c0697000 	C:\WINDOWS\System32\OLEAUT32.dll
0x00007ff99bd90000 - 0x00007ff99bdc2000 	C:\WINDOWS\SYSTEM32\dbgcore.DLL
0x00007ff9bdfe0000 - 0x00007ff9be05a000 	C:\WINDOWS\System32\bcryptPrimitives.dll
0x00007ff9af4e0000 - 0x00007ff9af505000 	C:\Program Files\Java\jdk-18.0.2\bin\java.dll
0x00007ff98e0b0000 - 0x00007ff98e186000 	C:\Program Files\Java\jdk-18.0.2\bin\jsvml.dll
0x00007ff9befa0000 - 0x00007ff9bf799000 	C:\WINDOWS\System32\SHELL32.dll
0x00007ff9bbe40000 - 0x00007ff9bc70e000 	C:\WINDOWS\SYSTEM32\windows.storage.dll
0x00007ff9bbd00000 - 0x00007ff9bbe3e000 	C:\WINDOWS\SYSTEM32\wintypes.dll
0x00007ff9bff80000 - 0x00007ff9c0071000 	C:\WINDOWS\System32\SHCORE.dll
0x00007ff9bed60000 - 0x00007ff9bedbe000 	C:\WINDOWS\System32\shlwapi.dll
0x00007ff9bdd80000 - 0x00007ff9bdda6000 	C:\WINDOWS\SYSTEM32\profapi.dll
0x00007ff9aed60000 - 0x00007ff9aed73000 	C:\Program Files\Java\jdk-18.0.2\bin\net.dll
0x00007ff9b6550000 - 0x00007ff9b6687000 	C:\WINDOWS\SYSTEM32\WINHTTP.dll
0x00007ff9bd310000 - 0x00007ff9bd379000 	C:\WINDOWS\system32\mswsock.dll
0x00007ff9aed40000 - 0x00007ff9aed56000 	C:\Program Files\Java\jdk-18.0.2\bin\nio.dll
0x00007ff9ae410000 - 0x00007ff9ae428000 	C:\Program Files\Java\jdk-18.0.2\bin\zip.dll
0x00007ff989c30000 - 0x00007ff989dbf000 	C:\Program Files\Java\jdk-18.0.2\bin\awt.dll
0x00007ff9bb260000 - 0x00007ff9bb2f7000 	C:\WINDOWS\SYSTEM32\apphelp.dll
0x00007ff9bb6a0000 - 0x00007ff9bb6cb000 	C:\WINDOWS\system32\DWMAPI.DLL
0x00007ff9bb410000 - 0x00007ff9bb4bb000 	C:\WINDOWS\system32\uxtheme.dll
0x00007ff9752f0000 - 0x00007ff9753f0000 	C:\WINDOWS\system32\opengl32.dll
0x00007ff98e2f0000 - 0x00007ff98e31d000 	C:\WINDOWS\SYSTEM32\GLU32.dll
0x00007ff9bb550000 - 0x00007ff9bb588000 	C:\WINDOWS\SYSTEM32\dxcore.dll
0x00007ff9bee70000 - 0x00007ff9bef97000 	C:\WINDOWS\System32\MSCTF.dll
0x00007ff9bebc0000 - 0x00007ff9bed5c000 	C:\WINDOWS\System32\ole32.dll
0x00007ff94a610000 - 0x00007ff94a7b9000 	C:\WINDOWS\system32\d3d9.dll
0x00007ff9b49a0000 - 0x00007ff9b4b5b000 	C:\WINDOWS\System32\DriverStore\FileRepository\u0383954.inf_amd64_2061df1998435612\B383240\aticfx64.dll
0x00007ff9a4aa0000 - 0x00007ff9a4ad4000 	C:\WINDOWS\System32\DriverStore\FileRepository\u0383954.inf_amd64_2061df1998435612\B383240\atiu9p64.dll
0x00007ff97b650000 - 0x00007ff97c3a5000 	C:\WINDOWS\System32\DriverStore\FileRepository\u0383954.inf_amd64_2061df1998435612\B383240\atiumd64.dll
0x00000000660d0000 - 0x0000000066ff7000 	C:\WINDOWS\System32\DriverStore\FileRepository\u0383954.inf_amd64_2061df1998435612\B383240\atiumd6a.dll
0x00007ff9bf7a0000 - 0x00007ff9bfc14000 	C:\WINDOWS\System32\SETUPAPI.dll
0x00007ff9bdd20000 - 0x00007ff9bdd6d000 	C:\WINDOWS\SYSTEM32\POWRPROF.dll
0x00007ff9bdd00000 - 0x00007ff9bdd13000 	C:\WINDOWS\SYSTEM32\UMPDC.dll
0x00007ff9b4dd0000 - 0x00007ff9b4e05000 	C:\WINDOWS\SYSTEM32\amdihk64.dll
0x00007ff9b8e70000 - 0x00007ff9b8eb8000 	C:\WINDOWS\SYSTEM32\directxdatabasehelper.dll
0x00007ff9afcd0000 - 0x00007ff9afcfd000 	C:\Program Files\Java\jdk-18.0.2\bin\javajpeg.dll
0x00007ff994380000 - 0x00007ff994406000 	C:\Program Files\Java\jdk-18.0.2\bin\freetype.dll
0x00007ff992850000 - 0x00007ff9928f8000 	C:\Program Files\Java\jdk-18.0.2\bin\fontmanager.dll
0x00007ff9b2d20000 - 0x00007ff9b2e4d000 	C:\WINDOWS\SYSTEM32\textinputframework.dll
0x00007ff9bae90000 - 0x00007ff9bafc3000 	C:\WINDOWS\SYSTEM32\CoreMessaging.dll
0x00007ff9b7c10000 - 0x00007ff9b7f7c000 	C:\WINDOWS\SYSTEM32\CoreUIComponents.dll
0x00007ff9bd590000 - 0x00007ff9bd59c000 	C:\WINDOWS\SYSTEM32\CRYPTBASE.DLL
0x00007ff9bfcf0000 - 0x00007ff9bfda0000 	C:\WINDOWS\System32\clbcatq.dll
0x00007ff9b9bc0000 - 0x00007ff9b9d70000 	C:\WINDOWS\SYSTEM32\WindowsCodecs.dll
0x00007ff9a96a0000 - 0x00007ff9a96fe000 	C:\WINDOWS\system32\dataexchange.dll
0x00007ff9b8a90000 - 0x00007ff9b8cfe000 	C:\WINDOWS\system32\twinapi.appcore.dll

dbghelp: loaded successfully - version: 4.0.5 - missing functions: none
symbol engine: initialized successfully - sym options: 0x614 - pdb path: .;C:\Program Files\Java\jdk-18.0.2\bin;C:\WINDOWS\SYSTEM32;C:\WINDOWS\WinSxS\amd64_microsoft.windows.common-controls_6595b64144ccf1df_6.0.22621.1635_none_270f70857386168e;C:\Program Files\Java\jdk-18.0.2\bin\server;C:\WINDOWS\System32\DriverStore\FileRepository\u0383954.inf_amd64_2061df1998435612\B383240

VM Arguments:
jvm_args: -Dfile.encoding=UTF-8 --module-path=C:\Users\vedang\OneDrive\Documents\NetBeansProjects\RSS Karyalaya Map\build\classes 
java_command: rss.karyalaya.map.Splash
java_class_path (initial): C:\Users\vedang\Downloads\mysql-connector-java-8.0.28.jar;C:\Users\vedang\OneDrive\Documents\NetBeansProjects\RSS Karyalaya Map\build\classes
Launcher Type: SUN_STANDARD

[Global flags]
     intx CICompilerCount                          = 4                                         {product} {ergonomic}
     uint ConcGCThreads                            = 2                                         {product} {ergonomic}
     uint G1ConcRefinementThreads                  = 8                                         {product} {ergonomic}
   size_t G1HeapRegionSize                         = 1048576                                   {product} {ergonomic}
    uintx GCDrainStackTargetSize                   = 64                                        {product} {ergonomic}
   size_t InitialHeapSize                          = 100663296                                 {product} {ergonomic}
   size_t MarkStackSize                            = 4194304                                   {product} {ergonomic}
   size_t MaxHeapSize                              = 1581252608                                {product} {ergonomic}
   size_t MaxNewSize                               = 947912704                                 {product} {ergonomic}
   size_t MinHeapDeltaBytes                        = 1048576                                   {product} {ergonomic}
   size_t MinHeapSize                              = 8388608                                   {product} {ergonomic}
    uintx NonNMethodCodeHeapSize                   = 5839372                                {pd product} {ergonomic}
    uintx NonProfiledCodeHeapSize                  = 122909434                              {pd product} {ergonomic}
    uintx ProfiledCodeHeapSize                     = 122909434                              {pd product} {ergonomic}
    uintx ReservedCodeCacheSize                    = 251658240                              {pd product} {ergonomic}
     bool SegmentedCodeCache                       = true                                      {product} {ergonomic}
   size_t SoftMaxHeapSize                          = 1581252608                             {manageable} {ergonomic}
     bool UseCompressedClassPointers               = true                           {product lp64_product} {ergonomic}
     bool UseCompressedOops                        = true                           {product lp64_product} {ergonomic}
     bool UseG1GC                                  = true                                      {product} {ergonomic}
     bool UseLargePagesIndividualAllocation        = false                                  {pd product} {ergonomic}

Logging:
Log output configuration:
 #0: stdout all=warning uptime,level,tags foldmultilines=false
 #1: stderr all=off uptime,level,tags foldmultilines=false

Environment Variables:
PATH=C:\oraclexe\app\oracle\product\11.2.0\server\bin;D:\oracle\product\10.2.0\db_1\bin;C:\Program Files\Common Files\Oracle\Java\javapath;C:\WINDOWS\system32;C:\WINDOWS;C:\WINDOWS\System32\Wbem;C:\WINDOWS\System32\WindowsPowerShell\v1.0\;C:\WINDOWS\System32\OpenSSH\;C:\msys64\mingw64\bin;C:\Program Files\nodejs\;C:\Program Files\dotnet\;C:\Program Files\MySQL\MySQL Server 8.0\bin;C:\Program Files\Git\cmd;C:\Program Files\PowerShell\7\;C:\Program Files\MySQL\MySQL Shell 8.0\bin\;C:\Users\vedang\AppData\Local\Microsoft\WindowsApps;C:\msys64\mingw32\bin;C:\Users\vedang\AppData\Local\Programs\Microsoft VS Code\bin;C:\Users\vedang\AppData\Roaming\npm;C:\Users\vedang\AppData\Local\GitHubDesktop\bin;C:\Program Files\JetBrains\IntelliJ IDEA Community Edition 2022.2\bin;;
USERNAME=vedang
OS=Windows_NT
PROCESSOR_IDENTIFIER=AMD64 Family 23 Model 24 Stepping 1, AuthenticAMD



---------------  S Y S T E M  ---------------

OS:
 Windows 11 , 64 bit Build 22621 (10.0.22621.1928)
OS uptime: 4 days 19:31 hours

CPU: total 8 (initial active 8) (8 cores per cpu, 2 threads per core) family 23 model 24 stepping 1 microcode 0x0, cx8, cmov, fxsr, ht, mmx, 3dnowpref, sse, sse2, sse3, ssse3, sse4a, sse4.1, sse4.2, popcnt, lzcnt, tsc, tscinvbit, avx, avx2, aes, clmul, bmi1, bmi2, adx, sha, fma, vzeroupper, clflush, clflushopt

Memory: 4k page, system-wide physical 6030M (381M free)
TotalPageFile size 24462M (AvailPageFile size 0M)
current process WorkingSet (physical memory assigned to process): 117M, peak: 118M
current process commit charge ("private bytes"): 242M, peak: 253M

vm_info: Java HotSpot(TM) 64-Bit Server VM (18.0.2+9-61) for windows-amd64 JRE (18.0.2+9-61), built on Jun  7 2022 13:09:01 by "mach5one" with MS VC++ 16.8 / 16.9 (VS2019)

END.
